[uWSGI] getting INI configuration from /opt/software/blog/uwsgi.ini
*** Starting uWSGI 2.0.18 (64bit) on [Thu Mar 12 02:33:10 2020] ***
compiled with version: 4.8.5 20150623 (Red Hat 4.8.5-39) on 23 November 2019 09:13:16
os: Linux-3.10.0-957.27.2.el7.x86_64 #1 SMP Mon Jul 29 17:46:05 UTC 2019
nodename: iZuf63cfoyxkllz7501k4wZ
machine: x86_64
clock source: unix
pcre jit disabled
detected number of CPU cores: 1
current working directory: /opt/software/blog
detected binary path: /usr/local/bin/uwsgi
uWSGI running as root, you can use --uid/--gid/--chroot options
*** WARNING: you are running uWSGI as root !!! (use the --uid flag) *** 
chdir() to /opt/software/blog
your processes number limit is 7270
your memory page size is 4096 bytes
detected max file descriptor number: 65535
lock engine: pthread robust mutexes
thunder lock: disabled (you can enable it with --thunder-lock)
uwsgi socket 0 bound to TCP address :8000 fd 3
uWSGI running as root, you can use --uid/--gid/--chroot options
*** WARNING: you are running uWSGI as root !!! (use the --uid flag) *** 
Python version: 3.6.8 (default, Aug  7 2019, 17:28:10)  [GCC 4.8.5 20150623 (Red Hat 4.8.5-39)]
*** Python threads support is disabled. You can enable it with --enable-threads ***
Python main interpreter initialized at 0x1aec6b0
uWSGI running as root, you can use --uid/--gid/--chroot options
*** WARNING: you are running uWSGI as root !!! (use the --uid flag) *** 
your server socket listen backlog is limited to 100 connections
your mercy for graceful operations on workers is 60 seconds
mapped 671795 bytes (656 KB) for 4 cores
*** Operational MODE: preforking ***
WSGI app 0 (mountpoint='') ready in 1 seconds on interpreter 0x1aec6b0 pid: 27931 (default app)
uWSGI running as root, you can use --uid/--gid/--chroot options
*** WARNING: you are running uWSGI as root !!! (use the --uid flag) *** 
*** uWSGI is running in multiple interpreter mode ***
spawned uWSGI master process (pid: 27931)
spawned uWSGI worker 1 (pid: 28025, cores: 1)
spawned uWSGI worker 2 (pid: 28026, cores: 1)
spawned uWSGI worker 3 (pid: 28027, cores: 1)
spawned uWSGI worker 4 (pid: 28028, cores: 1)
[pid: 28028|app: 0|req: 1/1] 117.188.104.131 () {46 vars in 1404 bytes} [Thu Mar 12 02:33:27 2020] GET / => generated 51943 bytes in 2269 msecs (HTTP/1.1 200) 5 headers in 177 bytes (1 switches on core 0)
[pid: 28028|app: 0|req: 2/2] 117.188.104.131 () {46 vars in 1358 bytes} [Thu Mar 12 02:33:30 2020] GET /?page=2 => generated 52591 bytes in 192 msecs (HTTP/1.1 200) 5 headers in 177 bytes (1 switches on core 0)
[pid: 28028|app: 0|req: 3/3] 117.188.104.131 () {42 vars in 1351 bytes} [Thu Mar 12 02:33:35 2020] GET / => generated 51943 bytes in 129 msecs (HTTP/1.1 200) 5 headers in 177 bytes (1 switches on core 0)
Gracefully killing worker 4 (pid: 28028)...
Gracefully killing worker 3 (pid: 28027)...
Gracefully killing worker 2 (pid: 28026)...
Gracefully killing worker 1 (pid: 28025)...
...gracefully killing workers...
worker 1 buried after 1 seconds
worker 2 buried after 1 seconds
worker 3 buried after 1 seconds
worker 4 buried after 1 seconds
binary reloading uWSGI...
chdir() to /opt/software/blog
closing all non-uwsgi socket fds > 2 (max_fd = 65535)...
found fd 3 mapped to socket 0 (:8000)
running /usr/local/bin/uwsgi
[uWSGI] getting INI configuration from /opt/software/blog/uwsgi.ini
*** Starting uWSGI 2.0.18 (64bit) on [Thu Mar 12 02:33:40 2020] ***
compiled with version: 4.8.5 20150623 (Red Hat 4.8.5-39) on 23 November 2019 09:13:16
os: Linux-3.10.0-957.27.2.el7.x86_64 #1 SMP Mon Jul 29 17:46:05 UTC 2019
nodename: iZuf63cfoyxkllz7501k4wZ
machine: x86_64
clock source: unix
pcre jit disabled
detected number of CPU cores: 1
current working directory: /opt/software/blog
detected binary path: /usr/local/bin/uwsgi
uWSGI running as root, you can use --uid/--gid/--chroot options
*** WARNING: you are running uWSGI as root !!! (use the --uid flag) *** 
chdir() to /opt/software/blog
your processes number limit is 7270
your memory page size is 4096 bytes
detected max file descriptor number: 65535
lock engine: pthread robust mutexes
thunder lock: disabled (you can enable it with --thunder-lock)
uwsgi socket 0 inherited INET address :8000 fd 3
uWSGI running as root, you can use --uid/--gid/--chroot options
*** WARNING: you are running uWSGI as root !!! (use the --uid flag) *** 
Python version: 3.6.8 (default, Aug  7 2019, 17:28:10)  [GCC 4.8.5 20150623 (Red Hat 4.8.5-39)]
*** Python threads support is disabled. You can enable it with --enable-threads ***
Python main interpreter initialized at 0x1d28600
uWSGI running as root, you can use --uid/--gid/--chroot options
*** WARNING: you are running uWSGI as root !!! (use the --uid flag) *** 
your server socket listen backlog is limited to 100 connections
your mercy for graceful operations on workers is 60 seconds
mapped 671795 bytes (656 KB) for 4 cores
*** Operational MODE: preforking ***
WSGI app 0 (mountpoint='') ready in 1 seconds on interpreter 0x1d28600 pid: 27931 (default app)
uWSGI running as root, you can use --uid/--gid/--chroot options
*** WARNING: you are running uWSGI as root !!! (use the --uid flag) *** 
*** uWSGI is running in multiple interpreter mode ***
gracefully (RE)spawned uWSGI master process (pid: 27931)
spawned uWSGI worker 1 (pid: 31428, cores: 1)
spawned uWSGI worker 2 (pid: 31429, cores: 1)
spawned uWSGI worker 3 (pid: 31430, cores: 1)
spawned uWSGI worker 4 (pid: 31431, cores: 1)
[pid: 31428|app: 0|req: 1/1] 117.188.104.131 () {42 vars in 1351 bytes} [Thu Mar 12 02:33:47 2020] GET / => generated 51943 bytes in 1711 msecs (HTTP/1.1 200) 5 headers in 177 bytes (1 switches on core 0)
[pid: 31431|app: 0|req: 1/2] 117.188.104.131 () {46 vars in 1404 bytes} [Thu Mar 12 02:33:50 2020] GET / => generated 51943 bytes in 1363 msecs (HTTP/1.1 200) 5 headers in 177 bytes (1 switches on core 0)
[pid: 31428|app: 0|req: 2/3] 117.188.104.131 () {42 vars in 1365 bytes} [Thu Mar 12 02:48:47 2020] GET / => generated 51943 bytes in 161 msecs (HTTP/1.1 200) 5 headers in 177 bytes (1 switches on core 0)
[pid: 31431|app: 0|req: 2/4] 117.188.104.131 () {42 vars in 1433 bytes} [Thu Mar 12 03:13:32 2020] GET / => generated 51943 bytes in 1297 msecs (HTTP/1.1 200) 5 headers in 177 bytes (1 switches on core 0)
[pid: 31428|app: 0|req: 3/5] 47.101.56.213 () {34 vars in 458 bytes} [Thu Mar 12 03:52:53 2020] GET / => generated 51943 bytes in 359 msecs (HTTP/1.1 200) 5 headers in 177 bytes (1 switches on core 0)
uwsgi_proto_uwsgi_parser(): Success [proto/uwsgi.c line 40]
uwsgi_proto_uwsgi_parser(): Success [proto/uwsgi.c line 40]
[pid: 31428|app: 0|req: 4/6] 117.188.104.131 () {42 vars in 1460 bytes} [Thu Mar 12 04:09:26 2020] GET / => generated 51943 bytes in 124 msecs (HTTP/1.1 200) 5 headers in 177 bytes (1 switches on core 0)
