*** Starting uWSGI 2.0.18 (64bit) on [Thu Nov 28 11:44:30 2019] ***
compiled with version: 4.8.5 20150623 (Red Hat 4.8.5-39) on 23 November 2019 09:13:16
os: Linux-3.10.0-957.27.2.el7.x86_64 #1 SMP Mon Jul 29 17:46:05 UTC 2019
nodename: iZuf63cfoyxkllz7501k4wZ
machine: x86_64
clock source: unix
pcre jit disabled
detected number of CPU cores: 1
current working directory: /opt/software/blog
detected binary path: /usr/local/bin/uwsgi
uWSGI running as root, you can use --uid/--gid/--chroot options
*** WARNING: you are running uWSGI as root !!! (use the --uid flag) *** 
chdir() to /opt/software/blog
*** WARNING: you are running uWSGI without its master process manager ***
your processes number limit is 7270
your memory page size is 4096 bytes
detected max file descriptor number: 65535
lock engine: pthread robust mutexes
thunder lock: disabled (you can enable it with --thunder-lock)
uwsgi socket 0 bound to TCP address 127.0.0.1:8000 fd 3
uWSGI running as root, you can use --uid/--gid/--chroot options
*** WARNING: you are running uWSGI as root !!! (use the --uid flag) *** 
Python version: 3.6.8 (default, Aug  7 2019, 17:28:10)  [GCC 4.8.5 20150623 (Red Hat 4.8.5-39)]
*** Python threads support is disabled. You can enable it with --enable-threads ***
Python main interpreter initialized at 0x1d8adb0
uWSGI running as root, you can use --uid/--gid/--chroot options
*** WARNING: you are running uWSGI as root !!! (use the --uid flag) *** 
your server socket listen backlog is limited to 100 connections
your mercy for graceful operations on workers is 60 seconds
mapped 291680 bytes (284 KB) for 4 cores
*** Operational MODE: preforking ***
WSGI app 0 (mountpoint='') ready in 1 seconds on interpreter 0x1d8adb0 pid: 5763 (default app)
uWSGI running as root, you can use --uid/--gid/--chroot options
*** WARNING: you are running uWSGI as root !!! (use the --uid flag) *** 
*** uWSGI is running in multiple interpreter mode ***
spawned uWSGI worker 1 (pid: 5763, cores: 1)
spawned uWSGI worker 2 (pid: 5765, cores: 1)
spawned uWSGI worker 3 (pid: 5766, cores: 1)
spawned uWSGI worker 4 (pid: 5767, cores: 1)
*** Starting uWSGI 2.0.18 (64bit) on [Thu Nov 28 11:47:12 2019] ***
compiled with version: 4.8.5 20150623 (Red Hat 4.8.5-39) on 23 November 2019 09:13:16
os: Linux-3.10.0-957.27.2.el7.x86_64 #1 SMP Mon Jul 29 17:46:05 UTC 2019
nodename: iZuf63cfoyxkllz7501k4wZ
machine: x86_64
clock source: unix
pcre jit disabled
detected number of CPU cores: 1
current working directory: /opt/software/blog
detected binary path: /usr/local/bin/uwsgi
uWSGI running as root, you can use --uid/--gid/--chroot options
*** WARNING: you are running uWSGI as root !!! (use the --uid flag) *** 
chdir() to /opt/software/blog
*** WARNING: you are running uWSGI without its master process manager ***
your processes number limit is 7270
your memory page size is 4096 bytes
detected max file descriptor number: 65535
lock engine: pthread robust mutexes
thunder lock: disabled (you can enable it with --thunder-lock)
probably another instance of uWSGI is running on the same address (127.0.0.1:8000).
bind(): Address already in use [core/socket.c line 769]
